#gxp1600recovery.bin
gxp1600core.bin
gxp1600base.bin
gxp1600prog.bin
gxp1600lcl.bin
gxp1600oem.bin
EUn%mT;|E'
T3WbhfSZg>sFS7
aid8lKP)+H
=V.&cQ=j4.n~
Nr0&Rb-J'}l
HGa8(QHW~^
6{j>usN/}n
#4veY_lD*	
X\AaV5H%l)
5D<MQwE-P*q
Gz*D@U%}+ 
P`vWv,~Ewc
4@O_]MWbeXg+M
2'GZ=.w!ln
czOJ{|5N8H
d(2a9B(llE
/05I/EAkPn
E'_wDq9{	f:
b\3+THF4V$m
/Y"p*]D-}Ut
^\`yEEAr)O:
Uti551-eDf
b!@ooI0 ^'
PK7}8RcF~T
YNw1U	^3_h
27rs$je4_3-
y,1H2Z"?O&
 1& 2^<kP"
'Q[ah]M@YQd
o;((`^60Z)
. IQUKJrCc
9?W6ybN^l6-
&H)4wVa}c6
o,{SaT|jvkO
(mq,v*q (a$
T3W1zLcZ3-G
O_T	$k<U=1
.}xfOLP<8o
Rs	(_ Pw8q
'|%!v:~B@kC
LL3/z>A)~:
<tr4a 5bT R
=SOUip`N\J
g%Mm}7ePcM
W'uGT/Mz7E
 MFre~4Jjw*9
3w=DikV(j.
(g*A)o1?@0
Cnp`o=ATt%h
pz\@`1.O3y
=@c#me.D3S"^
#7!JBM4~#&WkB
euR_[rT+s&A
9;E\_$51H?
u|Ix%=iQ"BM
Ch`OZ_(zT\
>jIuW;>#"g
n`>o_?q(iG
L}e,W%Uh\~
#uRNjx8F1hU
cm8#RS<*&O
\I.p>XR-x&
_wa/Tm	c k
FCe Ofmk*i
+w^l=-)f-7
umi	9k^eUI
#&lX?y&5`>
b.@<>$AAOq
pe$VI-MzI6e5
x?,.*j"fUU
*%FE Z5Lg)F
;+^"[!XxPM
h_2+A;Bi[j
nZ<@`	Vmfqv
C^<ij,G}bp
\8407nNtPX*
OI1@:\[[+xl
NH\![:@+w=
qO$N*@pyq'
zX,&QD'%xO
o9l{`N`%79Im0
nYyY`_oAul
Pwi\K?G`-4
An/uh1$@K'
)qgcbsd%Bzt
#3DlNe_vI'
7Aw4Pe^Un%#
O:}<GY&ZwuCD
(Dx;4|[%R	
WEe9EqnLKkg
3T!O4FZ6kC
+'6\uMD)e9'
7Oz{D[[=S;
7P^+ituXw.gj
tQ3yGLN7%:
7+.@J&U!5]
F'a~eGdpz8
p#sjG=S`P a
HX_+4}RoOu
g8R1w|]	(}"
Rf6jS\pgP_
HQ3)e%.3g\
Zx.9M\(vV\*
[4sNrHheuZ
}b2~)7	D1t
.NPFQ4$)SZs(q^
WxtS3@o>	i
=E>~3aNXQ!
1<2)lz*iE=
3RZ1PZ+FddbQ
,dB!I\/ii3
H"{)$[MlMf
%>j_w}1*,O
W?f`@J~>Bs
7VkQz) b1\
d?X%YPDM&s
m,	m"Py	GH
"pd!aN+G}p_
{~%Bm<7WpA
^K+*^[LHpX
aH	CodkQ0>
RdcPM4kw^q
S/!n!#J;V']
-|@0]G0h]o
|`nO[khVZa}
uv$N@;bq7cD
JHci$S{h	/
p9rBb+1,vW
YfRPL	]xgmT
"Q6+-F7W97
%L<X[s+P/'
tlx:7,{>^>-,q
uB[R7P?fI$r
@8s\1lLPX)
hWdq<2t&FG
	o(cf[=3ROM<
!na7sny\C*Nl
?wEJ'?PvA$Y
_uq!kzV*Tc
_rA9F&7ki^
s-rce`/{y;
ngROVg?KyO
{tAk2cgO:C~y
6RJms_o;^<
2UYTm)V(c(JLy
!fcRBR~,fGO
T#q,zGg>,6
d}Z:Aj'u0H
7JL|32,=TM
!E8"--<|06^Q
lr+Mr/t00P@
\1+^W8CG'j+
XE@Pt)Fb2j
s?,9~q\1i	
Q5{ZW	g,EY
rv3@A@q	>,
ddd"xYs^>4
;NE&&-tubc
NXTn5"nuZF
TlD;&C"r/e
mJ`mH6LU(F
Az6 G!	YKpFP
Uva%whiGQM
SFg3&#CFGt
1OH}0+z|$H
rwG3:oagtd
P!!fHv$77O4
d RdcTG&_Ec
Q]*(j}!IBW
lB'w6Qsz`{
JhDv)^~}%'X
SbM V[y(Wa
8SQ!oHB!9Cy
_jsb=w&X!d.w!$B
mmt1OwdtO3
,s-89cRCXMT.~
X|c>32LVT`
$}T:1tTPCt
BvEX^L[7G*
r"9-8tU A<t
gnq[;F*Im>+
u3Y.Cc0kQ7
dqy:7FK^x	!
~g=qS=ok,sv8
{&eYEwUEFq
iC>IUt\1:fR
zi%I[Y{77(
`\Ew(Uk.{]
S;xE6a_<45&d
s>L~?K]^!"@
>>Vmfl44<G
q0,jMI%o'?
W?J<-p]m/g
!)I`p.tzA0
j;L'H-f{[t
WtSLY>VqCI
VPC$5Wc'Id
:6g|<H^0D.
EF"9#]1R8o\
,X1"O"a`mO
Mvf*Y`CNdD/
H*EVCrN+SzpZ
ThRG7qjSH$
c5Xpj>'KlL
*g=UIuKX$?
TVP	p*,4se
vEG@ctX|l+
nU(Q/{S>TA
ooB*Ag@dV~
cWlnCmPh/9)
-)d2OMIz/(
(05u5|Dy`E
[o#O)/)=#G
k#fg{iS#W7(G/
Q-x[s]&[jFa
8Gz$9M#U9s
2&vP|DajeO
#Fg:@m*b3t
mLFMvW674*f
Dn9qUm-A.C
[Je@8N_(Az
@gy'c&*;jp
$y3g7dbeSw
p/|4$F\!\0(
]G20vQV19W
_|Hk@MkH_)n{
?%ta)POdBt
8}C Sq}g<J
)z[XiDO'IH
~Z$jgn#yMS
<Wt\gxP^4j
.%^@|gd9P/4&
l_?^YmZ(V<3
hLGY,]s)qS
\w=OQ	NJob
9##tRBV<HN
49]w  R[>`Sj
u[4)qvA1L~@%
;sL`	hBI{x
8]\X>]~RT|o
ok*brD,	x70
!4YWZ410	\
ylNDdx$YD.
g^e	]qRnk]_
8@QA*{^ev]
AtBrnBrKgf
n"jhGgZs0)
+CAt&Q1c/w
(_5&z9+U:$P@
W%<lQ^2458
qbf_:7EnQ/
)lC8G("*_!
%}<ybCv8&F
qLF,j\nhqh
']&OE>lU^N
o`y0#_J9(7
wQwFjp-xbY
QUdvlO:)ZY
flj^i>}h8'7
UsWCv7oy),
\;3Wv+h!b>
viu6D GL%L
, +6&yb'O*
	QQQ@"W@.c
)~H9aiWv}A
ep.o7	N0>#
&W{#[NH[I*[
DLZ;Z5UR3/
"=*(523*8=
DA?"{?&L-L
qk-B/XSCpMO2
?up5tat`R0!
{F`NZb)l*a5
+/.C%&+IHO
g?5N_{1csuq-
_.m7`Jz_[\n+
'l1-J,}MN<
VFfX_*C9!ChY_hW
@q:j3u}rD 8
j%03neqGI#
]5N;GA8V >`
HY:@\zwG	4
nZVD5zA8NH
:jD+4|I,KQA]
EhuHytJ T_
YAK"-v43SE
L	v7 8g7t5l
xEU	~cyfA p
R$O8M	I(w=dU
.OJ<L,,s1F
	r7S+r.DS]P3
Wx<qS_uvSt
Fq4sVsRg8g
m3o_pVCE[@
	1c?bLQbX}
n6cP2p!N\]3f>8
fT}|*s\mf{6
emoPj_g7iM
%`<E_oUD%S"
XAn{wKSy5@
o/tjAa+ez=A`
QlZ@$EU{->
j/NP24"C/1
GPP}j~RaT0
Q\J4<q]9Q[HC
MnpU1xtE*L
\KGDJ~L,<-u
s|R26NJ<X(u
BfZ4m/8MI~
r}uBdi%r5T
P19 |Wfz|b
<HOuey0NneR
_6RO:!\g|P
80_1%.,dOv
8c.bgCX0%j
E,_mW|!E0i
Bo,"M6P3BN
G{'_e!]4=X
Z WEDXqQ|Y{
wl{_wcJf7\#Cf*
G$:?.rO~/x^
l4lfvf?$Wj@
51ee`,VVw*
|3WQw!sdI 
Lqkls[MFxY
t"KU4p	[L-x
aC=i1zdHVR
erVh4V3%OS
B<~/8baER7
LD}Ed\G7S3
YnCg9+>O0Eq
94%1"7agkW
SS.f46|X#_
Q$k%gPJl+~7g,o
JSOIW%CERY
&9Vg.BAKAu
\gjfE8]B+:
zLtt)YP'k7
\(}@yZG@	Q
 =9b=]y<|&
C=N]1##y4w
sue3%F}2]t6
KtY^Tz.{p@
2G$K~;Y>B~
}nIET}&_~M{
JKL4}e}7gj
r;-0]</NIat
F/w^uSQCE<
\d6\J{5B	,) 
rXxjT"h6!#
S_GTF)/IYo
\z9'|WJ/'tO
'v]`%o}q2b
or)eE[-p<"
cn2dNv"zb'
/U3)&OpG[^
pM	nc-$/tIS
0<4p_:9(XA
T~8U*05T3a
72;?]}N0|W
2*DSLt+Q~*
Y_&e!zB1W!
T2zp@^y8VU
A_L'5k,?o5T
S=$56#KdV=e
	4cTe3=~ ?
tskx=*F3n+
n!Z`4kH4d9
Exk]H W{U:
 05@'k\N(3
]pUM.PJ$A(
vN8's$'W	I
~6tF"N1{:X2
U.hE{l.#Or
Nq-$a"ikt@	
5-T_6<Ngs&
,R/BC@jM5pI
yA/`&	s!S-l
zJ-!*'kN;G
c#LrCW.R[Ai\s
#vhQ,>.dF<
2yPoWg5}yS>
vJ\VJ{WgRV
XXH_`G_w4F;
Hw6-.}|h/0
m`|]r%zA3go
D]j0Dgk	FT
"x+#{n7PI}
BJz3uIykgL
(d3@E(VJ#4
QLuyph.I	1in?C
E&lF&o7$^|4
0f|uYAn*L?
Na5oKA	vCr
Y9HjA	FbO*
O{nH}	|q;'K
hDUNy;mu_.
H=J^4%opRu
\F^)uExlC~Y
:fp>-jR,d$q4g
GS3DnxCPc)
03h&}2( 6eNu<
E4>bi7	C)9
ykTE"64PSw
x?UMR el}i
a*;I_%5pZM~
4M}fy$Ep~/
|hS.	[10[\
Bro;]]U(5&O
Jr"9-w%Qlnm
!sa:;%2FlO
QY-Tug<N9][
8H+RPvjTD^
2[Hp<Tysab
rB2Fv ns5nOP
OC[25.oF3"
 kSygQ>GM@
)$cc;84S:Qp
)wW5#_'!IC:H
